<?xml version="1.0" encoding="UTF-8"?>
<!-- Generated by org.testng.reporters.JUnitXMLReporter -->
<testsuite hostname="DESKTOP-PGLOV37" ignored="0" name="Default test(failed)" tests="8" failures="1" timestamp="2020-06-25T17:40:25 IST" time="446.172" errors="0">
  <testcase name="login" time="39.0" classname="TestCases.PreRequsite"/>
  <testcase name="login" time="37.095" classname="TestCases.PreRequsite"/>
  <testcase name="login" time="20.835" classname="TestCases.PreRequsite"/>
  <testcase name="login" time="20.914" classname="TestCases.PreRequsite"/>
  <testcase name="login" time="40.988" classname="TestCases.PreRequsite"/>
  <testcase name="login" time="65.627" classname="TestCases.PreRequsite">
    <failure type="java.lang.RuntimeException" message="FAILED">
      <![CDATA[java.lang.RuntimeException: FAILED
at Utilities.Reporter.reportStep(Reporter.java:33)
at Utilities.Reporter.reportStep(Reporter.java:43)
at CommonMethods.SeMethods.type(SeMethods.java:139)
at suitePages.Positions.createPosition(Positions.java:90)
at TestCases.PreRequsite.login(PreRequsite.java:79)
at java.util.ArrayList.forEach(Unknown Source)
... Removed 27 stack frames]]>
    </failure>
  </testcase> <!-- login -->
  <testcase name="login" time="58.775" classname="TestCases.PreRequsite"/>
  <testcase name="login" time="51.71" classname="TestCases.PreRequsite"/>
</testsuite> <!-- Default test(failed) -->
