<?xml version="1.0" encoding="UTF-8"?>
<!-- Generated by org.testng.reporters.JUnitXMLReporter -->
<testsuite hostname="DESKTOP-FLV1Q8H" ignored="0" name="Default test(failed)" tests="4" failures="1" timestamp="17 Mar 2020 12:22:43 GMT" time="225.852" errors="0">
  <testcase name="login" time="56.17" classname="TestCases.PreRequsite"/>
  <testcase name="login" time="55.12" classname="TestCases.PreRequsite"/>
  <testcase name="login" time="54.92" classname="TestCases.PreRequsite"/>
  <testcase name="login" time="27.835" classname="TestCases.PreRequsite">
    <failure type="java.lang.RuntimeException" message="FAILED">
      <![CDATA[java.lang.RuntimeException: FAILED
	at Utilities.Reporter.reportStep(Reporter.java:33)
	at Utilities.Reporter.reportStep(Reporter.java:43)
	at CommonMethods.SeMethods.switchToMultipleFrames(SeMethods.java:403)
	at docProPages.Routes.createRoute(Routes.java:123)
	at TestCases.PreRequsite.login(PreRequsite.java:81)
... Removed 25 stack frames]]>
    </failure>
  </testcase> <!-- login -->
</testsuite> <!-- Default test(failed) -->
