<?xml version="1.0" encoding="UTF-8"?>
<!-- Generated by org.testng.reporters.JUnitXMLReporter -->
<testsuite hostname="DESKTOP-PGLOV37" ignored="0" name="Test" tests="11" failures="0" timestamp="2020-06-23T18:35:27 IST" time="15.555" errors="0">
  <testcase name="@BeforeMethod beforeMethod" time="14.647" classname="CommonMethods.ProjectMethods">
    <failure type="java.lang.RuntimeException" message="FAILED">
      <![CDATA[java.lang.RuntimeException: FAILED
at Utilities.Reporter.reportStep(Reporter.java:33)
at Utilities.Reporter.reportStep(Reporter.java:43)
at CommonMethods.SeMethods.startApp(SeMethods.java:98)
at CommonMethods.ProjectMethods.beforeMethod(ProjectMethods.java:36)
at java.util.concurrent.ThreadPoolExecutor.runWorker(Unknown Source)
at java.util.concurrent.ThreadPoolExecutor$Worker.run(Unknown Source)
at java.lang.Thread.run(Unknown Source)
... Removed 16 stack frames]]>
    </failure>
  </testcase> <!-- @BeforeMethod beforeMethod -->
  <testcase name="@AfterMethod afterMethod" time="-1.59291752701E9" classname="CommonMethods.ProjectMethods">
    <skipped/>
  </testcase> <!-- @AfterMethod afterMethod -->
  <testcase name="@BeforeMethod beforeMethod" time="-1.59291752701E9" classname="CommonMethods.ProjectMethods">
    <skipped/>
  </testcase> <!-- @BeforeMethod beforeMethod -->
  <testcase name="@AfterMethod afterMethod" time="-1.592917527026E9" classname="CommonMethods.ProjectMethods">
    <skipped/>
  </testcase> <!-- @AfterMethod afterMethod -->
  <testcase name="@BeforeMethod beforeMethod" time="-1.592917527026E9" classname="CommonMethods.ProjectMethods">
    <skipped/>
  </testcase> <!-- @BeforeMethod beforeMethod -->
  <testcase name="@AfterMethod afterMethod" time="-1.592917527042E9" classname="CommonMethods.ProjectMethods">
    <skipped/>
  </testcase> <!-- @AfterMethod afterMethod -->
  <testcase name="@BeforeMethod beforeMethod" time="-1.592917527042E9" classname="CommonMethods.ProjectMethods">
    <skipped/>
  </testcase> <!-- @BeforeMethod beforeMethod -->
  <testcase name="@AfterMethod afterMethod" time="-1.592917527057E9" classname="CommonMethods.ProjectMethods">
    <skipped/>
  </testcase> <!-- @AfterMethod afterMethod -->
  <testcase name="@BeforeMethod beforeMethod" time="-1.592917527057E9" classname="CommonMethods.ProjectMethods">
    <skipped/>
  </testcase> <!-- @BeforeMethod beforeMethod -->
  <testcase name="@AfterMethod afterMethod" time="-1.592917527057E9" classname="CommonMethods.ProjectMethods">
    <skipped/>
  </testcase> <!-- @AfterMethod afterMethod -->
  <testcase name="@BeforeMethod beforeMethod" time="-1.592917527057E9" classname="CommonMethods.ProjectMethods">
    <skipped/>
  </testcase> <!-- @BeforeMethod beforeMethod -->
  <testcase name="@AfterMethod afterMethod" time="-1.592917527057E9" classname="CommonMethods.ProjectMethods">
    <skipped/>
  </testcase> <!-- @AfterMethod afterMethod -->
  <testcase name="@BeforeMethod beforeMethod" time="-1.592917527073E9" classname="CommonMethods.ProjectMethods">
    <skipped/>
  </testcase> <!-- @BeforeMethod beforeMethod -->
  <testcase name="@AfterMethod afterMethod" time="-1.592917527073E9" classname="CommonMethods.ProjectMethods">
    <skipped/>
  </testcase> <!-- @AfterMethod afterMethod -->
  <testcase name="@BeforeMethod beforeMethod" time="-1.592917527073E9" classname="CommonMethods.ProjectMethods">
    <skipped/>
  </testcase> <!-- @BeforeMethod beforeMethod -->
  <testcase name="@AfterMethod afterMethod" time="-1.592917527089E9" classname="CommonMethods.ProjectMethods">
    <skipped/>
  </testcase> <!-- @AfterMethod afterMethod -->
  <testcase name="@BeforeMethod beforeMethod" time="-1.592917527089E9" classname="CommonMethods.ProjectMethods">
    <skipped/>
  </testcase> <!-- @BeforeMethod beforeMethod -->
  <testcase name="@AfterMethod afterMethod" time="-1.592917527104E9" classname="CommonMethods.ProjectMethods">
    <skipped/>
  </testcase> <!-- @AfterMethod afterMethod -->
  <testcase name="@BeforeMethod beforeMethod" time="-1.59291752712E9" classname="CommonMethods.ProjectMethods">
    <skipped/>
  </testcase> <!-- @BeforeMethod beforeMethod -->
  <testcase name="@AfterMethod afterMethod" time="-1.59291752712E9" classname="CommonMethods.ProjectMethods">
    <skipped/>
  </testcase> <!-- @AfterMethod afterMethod -->
  <testcase name="@BeforeMethod beforeMethod" time="-1.59291752712E9" classname="CommonMethods.ProjectMethods">
    <skipped/>
  </testcase> <!-- @BeforeMethod beforeMethod -->
  <testcase name="@AfterMethod afterMethod" time="-1.592917527135E9" classname="CommonMethods.ProjectMethods">
    <skipped/>
  </testcase> <!-- @AfterMethod afterMethod -->
  <testcase name="multipleUsers" time="0.0" classname="TestCases.ParallelExecution">
    <skipped/>
  </testcase> <!-- multipleUsers -->
  <testcase name="multipleUsers" time="0.0" classname="TestCases.ParallelExecution">
    <skipped/>
  </testcase> <!-- multipleUsers -->
  <testcase name="multipleUsers" time="0.0" classname="TestCases.ParallelExecution">
    <skipped/>
  </testcase> <!-- multipleUsers -->
  <testcase name="multipleUsers" time="0.0" classname="TestCases.ParallelExecution">
    <skipped/>
  </testcase> <!-- multipleUsers -->
  <testcase name="multipleUsers" time="0.0" classname="TestCases.ParallelExecution">
    <skipped/>
  </testcase> <!-- multipleUsers -->
  <testcase name="multipleUsers" time="0.0" classname="TestCases.ParallelExecution">
    <skipped/>
  </testcase> <!-- multipleUsers -->
  <testcase name="multipleUsers" time="0.0" classname="TestCases.ParallelExecution">
    <skipped/>
  </testcase> <!-- multipleUsers -->
  <testcase name="multipleUsers" time="0.0" classname="TestCases.ParallelExecution">
    <skipped/>
  </testcase> <!-- multipleUsers -->
  <testcase name="multipleUsers" time="0.0" classname="TestCases.ParallelExecution">
    <skipped/>
  </testcase> <!-- multipleUsers -->
  <testcase name="multipleUsers" time="0.0" classname="TestCases.ParallelExecution">
    <skipped/>
  </testcase> <!-- multipleUsers -->
  <testcase name="multipleUsers" time="0.0" classname="TestCases.ParallelExecution">
    <skipped/>
  </testcase> <!-- multipleUsers -->
</testsuite> <!-- Test -->
