<?xml version="1.0" encoding="UTF-8"?>
<!-- Generated by org.testng.reporters.JUnitXMLReporter -->
<testsuite hostname="DESKTOP-PGLOV37" ignored="0" name="Default test(failed)(failed)" tests="51" failures="0" timestamp="2020-05-05T16:41:52 IST" time="263.689" errors="0">
  <testcase name="@AfterMethod afterMethod" time="4.377" classname="CommonMethods.ProjectMethods">
    <failure type="java.lang.RuntimeException" message="FAILED">
      <![CDATA[java.lang.RuntimeException: FAILED
at Utilities.Reporter.reportStep(Reporter.java:33)
at Utilities.Reporter.reportStep(Reporter.java:43)
at CommonMethods.SeMethods.closeAllBrowsers(SeMethods.java:550)
at CommonMethods.ProjectMethods.afterMethod(ProjectMethods.java:54)
at java.util.ArrayList.forEach(Unknown Source)
... Removed 32 stack frames]]>
    </failure>
  </testcase> <!-- @AfterMethod afterMethod -->
  <testcase name="@BeforeMethod beforeMethod" time="-1.588677111621E9" classname="CommonMethods.ProjectMethods">
    <skipped/>
  </testcase> <!-- @BeforeMethod beforeMethod -->
  <testcase name="@AfterMethod afterMethod" time="-1.588677111677E9" classname="CommonMethods.ProjectMethods">
    <skipped/>
  </testcase> <!-- @AfterMethod afterMethod -->
  <testcase name="@BeforeMethod beforeMethod" time="-1.588677111679E9" classname="CommonMethods.ProjectMethods">
    <skipped/>
  </testcase> <!-- @BeforeMethod beforeMethod -->
  <testcase name="@AfterMethod afterMethod" time="-1.588677111685E9" classname="CommonMethods.ProjectMethods">
    <skipped/>
  </testcase> <!-- @AfterMethod afterMethod -->
  <testcase name="@BeforeMethod beforeMethod" time="-1.58867711169E9" classname="CommonMethods.ProjectMethods">
    <skipped/>
  </testcase> <!-- @BeforeMethod beforeMethod -->
  <testcase name="@AfterMethod afterMethod" time="-1.588677111694E9" classname="CommonMethods.ProjectMethods">
    <skipped/>
  </testcase> <!-- @AfterMethod afterMethod -->
  <testcase name="@BeforeMethod beforeMethod" time="-1.588677111695E9" classname="CommonMethods.ProjectMethods">
    <skipped/>
  </testcase> <!-- @BeforeMethod beforeMethod -->
  <testcase name="@AfterMethod afterMethod" time="-1.588677111698E9" classname="CommonMethods.ProjectMethods">
    <skipped/>
  </testcase> <!-- @AfterMethod afterMethod -->
  <testcase name="@BeforeMethod beforeMethod" time="-1.588677111699E9" classname="CommonMethods.ProjectMethods">
    <skipped/>
  </testcase> <!-- @BeforeMethod beforeMethod -->
  <testcase name="@AfterMethod afterMethod" time="-1.588677111702E9" classname="CommonMethods.ProjectMethods">
    <skipped/>
  </testcase> <!-- @AfterMethod afterMethod -->
  <testcase name="@BeforeMethod beforeMethod" time="-1.588677111704E9" classname="CommonMethods.ProjectMethods">
    <skipped/>
  </testcase> <!-- @BeforeMethod beforeMethod -->
  <testcase name="@AfterMethod afterMethod" time="-1.588677111706E9" classname="CommonMethods.ProjectMethods">
    <skipped/>
  </testcase> <!-- @AfterMethod afterMethod -->
  <testcase name="@BeforeMethod beforeMethod" time="-1.588677111707E9" classname="CommonMethods.ProjectMethods">
    <skipped/>
  </testcase> <!-- @BeforeMethod beforeMethod -->
  <testcase name="@AfterMethod afterMethod" time="-1.58867711171E9" classname="CommonMethods.ProjectMethods">
    <skipped/>
  </testcase> <!-- @AfterMethod afterMethod -->
  <testcase name="@BeforeMethod beforeMethod" time="-1.588677111711E9" classname="CommonMethods.ProjectMethods">
    <skipped/>
  </testcase> <!-- @BeforeMethod beforeMethod -->
  <testcase name="@AfterMethod afterMethod" time="-1.588677111713E9" classname="CommonMethods.ProjectMethods">
    <skipped/>
  </testcase> <!-- @AfterMethod afterMethod -->
  <testcase name="@BeforeMethod beforeMethod" time="-1.588677111713E9" classname="CommonMethods.ProjectMethods">
    <skipped/>
  </testcase> <!-- @BeforeMethod beforeMethod -->
  <testcase name="@AfterMethod afterMethod" time="-1.588677111716E9" classname="CommonMethods.ProjectMethods">
    <skipped/>
  </testcase> <!-- @AfterMethod afterMethod -->
  <testcase name="@BeforeMethod beforeMethod" time="-1.588677111717E9" classname="CommonMethods.ProjectMethods">
    <skipped/>
  </testcase> <!-- @BeforeMethod beforeMethod -->
  <testcase name="@AfterMethod afterMethod" time="-1.588677111721E9" classname="CommonMethods.ProjectMethods">
    <skipped/>
  </testcase> <!-- @AfterMethod afterMethod -->
  <testcase name="@BeforeMethod beforeMethod" time="-1.588677111722E9" classname="CommonMethods.ProjectMethods">
    <skipped/>
  </testcase> <!-- @BeforeMethod beforeMethod -->
  <testcase name="@AfterMethod afterMethod" time="-1.588677111724E9" classname="CommonMethods.ProjectMethods">
    <skipped/>
  </testcase> <!-- @AfterMethod afterMethod -->
  <testcase name="@BeforeMethod beforeMethod" time="-1.588677111725E9" classname="CommonMethods.ProjectMethods">
    <skipped/>
  </testcase> <!-- @BeforeMethod beforeMethod -->
  <testcase name="@AfterMethod afterMethod" time="-1.58867711173E9" classname="CommonMethods.ProjectMethods">
    <skipped/>
  </testcase> <!-- @AfterMethod afterMethod -->
  <testcase name="@BeforeMethod beforeMethod" time="-1.588677111732E9" classname="CommonMethods.ProjectMethods">
    <skipped/>
  </testcase> <!-- @BeforeMethod beforeMethod -->
  <testcase name="@AfterMethod afterMethod" time="-1.588677111735E9" classname="CommonMethods.ProjectMethods">
    <skipped/>
  </testcase> <!-- @AfterMethod afterMethod -->
  <testcase name="@BeforeMethod beforeMethod" time="-1.588677111736E9" classname="CommonMethods.ProjectMethods">
    <skipped/>
  </testcase> <!-- @BeforeMethod beforeMethod -->
  <testcase name="@AfterMethod afterMethod" time="-1.58867711174E9" classname="CommonMethods.ProjectMethods">
    <skipped/>
  </testcase> <!-- @AfterMethod afterMethod -->
  <testcase name="@BeforeMethod beforeMethod" time="-1.588677111741E9" classname="CommonMethods.ProjectMethods">
    <skipped/>
  </testcase> <!-- @BeforeMethod beforeMethod -->
  <testcase name="@AfterMethod afterMethod" time="-1.588677111745E9" classname="CommonMethods.ProjectMethods">
    <skipped/>
  </testcase> <!-- @AfterMethod afterMethod -->
  <testcase name="@BeforeMethod beforeMethod" time="-1.588677111746E9" classname="CommonMethods.ProjectMethods">
    <skipped/>
  </testcase> <!-- @BeforeMethod beforeMethod -->
  <testcase name="@AfterMethod afterMethod" time="-1.588677111758E9" classname="CommonMethods.ProjectMethods">
    <skipped/>
  </testcase> <!-- @AfterMethod afterMethod -->
  <testcase name="@BeforeMethod beforeMethod" time="-1.588677111761E9" classname="CommonMethods.ProjectMethods">
    <skipped/>
  </testcase> <!-- @BeforeMethod beforeMethod -->
  <testcase name="@AfterMethod afterMethod" time="-1.588677111787E9" classname="CommonMethods.ProjectMethods">
    <skipped/>
  </testcase> <!-- @AfterMethod afterMethod -->
  <testcase name="@BeforeMethod beforeMethod" time="-1.588677111791E9" classname="CommonMethods.ProjectMethods">
    <skipped/>
  </testcase> <!-- @BeforeMethod beforeMethod -->
  <testcase name="@AfterMethod afterMethod" time="-1.588677111796E9" classname="CommonMethods.ProjectMethods">
    <skipped/>
  </testcase> <!-- @AfterMethod afterMethod -->
  <testcase name="@BeforeMethod beforeMethod" time="-1.588677112007E9" classname="CommonMethods.ProjectMethods">
    <skipped/>
  </testcase> <!-- @BeforeMethod beforeMethod -->
  <testcase name="@AfterMethod afterMethod" time="-1.588677112012E9" classname="CommonMethods.ProjectMethods">
    <skipped/>
  </testcase> <!-- @AfterMethod afterMethod -->
  <testcase name="@BeforeMethod beforeMethod" time="-1.588677112014E9" classname="CommonMethods.ProjectMethods">
    <skipped/>
  </testcase> <!-- @BeforeMethod beforeMethod -->
  <testcase name="@AfterMethod afterMethod" time="-1.588677112021E9" classname="CommonMethods.ProjectMethods">
    <skipped/>
  </testcase> <!-- @AfterMethod afterMethod -->
  <testcase name="@BeforeMethod beforeMethod" time="-1.588677112022E9" classname="CommonMethods.ProjectMethods">
    <skipped/>
  </testcase> <!-- @BeforeMethod beforeMethod -->
  <testcase name="@AfterMethod afterMethod" time="-1.588677112027E9" classname="CommonMethods.ProjectMethods">
    <skipped/>
  </testcase> <!-- @AfterMethod afterMethod -->
  <testcase name="@BeforeMethod beforeMethod" time="-1.588677112028E9" classname="CommonMethods.ProjectMethods">
    <skipped/>
  </testcase> <!-- @BeforeMethod beforeMethod -->
  <testcase name="@AfterMethod afterMethod" time="-1.588677112032E9" classname="CommonMethods.ProjectMethods">
    <skipped/>
  </testcase> <!-- @AfterMethod afterMethod -->
  <testcase name="@BeforeMethod beforeMethod" time="-1.588677112034E9" classname="CommonMethods.ProjectMethods">
    <skipped/>
  </testcase> <!-- @BeforeMethod beforeMethod -->
  <testcase name="@AfterMethod afterMethod" time="-1.58867711204E9" classname="CommonMethods.ProjectMethods">
    <skipped/>
  </testcase> <!-- @AfterMethod afterMethod -->
  <testcase name="@BeforeMethod beforeMethod" time="-1.588677112059E9" classname="CommonMethods.ProjectMethods">
    <skipped/>
  </testcase> <!-- @BeforeMethod beforeMethod -->
  <testcase name="@AfterMethod afterMethod" time="-1.588677112064E9" classname="CommonMethods.ProjectMethods">
    <skipped/>
  </testcase> <!-- @AfterMethod afterMethod -->
  <testcase name="@BeforeMethod beforeMethod" time="-1.588677112066E9" classname="CommonMethods.ProjectMethods">
    <skipped/>
  </testcase> <!-- @BeforeMethod beforeMethod -->
  <testcase name="@AfterMethod afterMethod" time="-1.588677112167E9" classname="CommonMethods.ProjectMethods">
    <skipped/>
  </testcase> <!-- @AfterMethod afterMethod -->
  <testcase name="@BeforeMethod beforeMethod" time="-1.58867711217E9" classname="CommonMethods.ProjectMethods">
    <skipped/>
  </testcase> <!-- @BeforeMethod beforeMethod -->
  <testcase name="@AfterMethod afterMethod" time="-1.588677112184E9" classname="CommonMethods.ProjectMethods">
    <skipped/>
  </testcase> <!-- @AfterMethod afterMethod -->
  <testcase name="@BeforeMethod beforeMethod" time="-1.588677112185E9" classname="CommonMethods.ProjectMethods">
    <skipped/>
  </testcase> <!-- @BeforeMethod beforeMethod -->
  <testcase name="@AfterMethod afterMethod" time="-1.588677112188E9" classname="CommonMethods.ProjectMethods">
    <skipped/>
  </testcase> <!-- @AfterMethod afterMethod -->
  <testcase name="@BeforeMethod beforeMethod" time="-1.588677112189E9" classname="CommonMethods.ProjectMethods">
    <skipped/>
  </testcase> <!-- @BeforeMethod beforeMethod -->
  <testcase name="@AfterMethod afterMethod" time="-1.588677112193E9" classname="CommonMethods.ProjectMethods">
    <skipped/>
  </testcase> <!-- @AfterMethod afterMethod -->
  <testcase name="@BeforeMethod beforeMethod" time="-1.588677112194E9" classname="CommonMethods.ProjectMethods">
    <skipped/>
  </testcase> <!-- @BeforeMethod beforeMethod -->
  <testcase name="@AfterMethod afterMethod" time="-1.588677112197E9" classname="CommonMethods.ProjectMethods">
    <skipped/>
  </testcase> <!-- @AfterMethod afterMethod -->
  <testcase name="@BeforeMethod beforeMethod" time="-1.588677112198E9" classname="CommonMethods.ProjectMethods">
    <skipped/>
  </testcase> <!-- @BeforeMethod beforeMethod -->
  <testcase name="@AfterMethod afterMethod" time="-1.588677112202E9" classname="CommonMethods.ProjectMethods">
    <skipped/>
  </testcase> <!-- @AfterMethod afterMethod -->
  <testcase name="@BeforeMethod beforeMethod" time="-1.588677112204E9" classname="CommonMethods.ProjectMethods">
    <skipped/>
  </testcase> <!-- @BeforeMethod beforeMethod -->
  <testcase name="@AfterMethod afterMethod" time="-1.588677112207E9" classname="CommonMethods.ProjectMethods">
    <skipped/>
  </testcase> <!-- @AfterMethod afterMethod -->
  <testcase name="@BeforeMethod beforeMethod" time="-1.588677112209E9" classname="CommonMethods.ProjectMethods">
    <skipped/>
  </testcase> <!-- @BeforeMethod beforeMethod -->
  <testcase name="@AfterMethod afterMethod" time="-1.588677112211E9" classname="CommonMethods.ProjectMethods">
    <skipped/>
  </testcase> <!-- @AfterMethod afterMethod -->
  <testcase name="@BeforeMethod beforeMethod" time="-1.588677112212E9" classname="CommonMethods.ProjectMethods">
    <skipped/>
  </testcase> <!-- @BeforeMethod beforeMethod -->
  <testcase name="@AfterMethod afterMethod" time="-1.588677112462E9" classname="CommonMethods.ProjectMethods">
    <skipped/>
  </testcase> <!-- @AfterMethod afterMethod -->
  <testcase name="@BeforeMethod beforeMethod" time="-1.588677112463E9" classname="CommonMethods.ProjectMethods">
    <skipped/>
  </testcase> <!-- @BeforeMethod beforeMethod -->
  <testcase name="@AfterMethod afterMethod" time="-1.588677112468E9" classname="CommonMethods.ProjectMethods">
    <skipped/>
  </testcase> <!-- @AfterMethod afterMethod -->
  <testcase name="@BeforeMethod beforeMethod" time="-1.588677112469E9" classname="CommonMethods.ProjectMethods">
    <skipped/>
  </testcase> <!-- @BeforeMethod beforeMethod -->
  <testcase name="@AfterMethod afterMethod" time="-1.588677112475E9" classname="CommonMethods.ProjectMethods">
    <skipped/>
  </testcase> <!-- @AfterMethod afterMethod -->
  <testcase name="@BeforeMethod beforeMethod" time="-1.588677112477E9" classname="CommonMethods.ProjectMethods">
    <skipped/>
  </testcase> <!-- @BeforeMethod beforeMethod -->
  <testcase name="@AfterMethod afterMethod" time="-1.58867711248E9" classname="CommonMethods.ProjectMethods">
    <skipped/>
  </testcase> <!-- @AfterMethod afterMethod -->
  <testcase name="@BeforeMethod beforeMethod" time="-1.588677112481E9" classname="CommonMethods.ProjectMethods">
    <skipped/>
  </testcase> <!-- @BeforeMethod beforeMethod -->
  <testcase name="@AfterMethod afterMethod" time="-1.588677112485E9" classname="CommonMethods.ProjectMethods">
    <skipped/>
  </testcase> <!-- @AfterMethod afterMethod -->
  <testcase name="@BeforeMethod beforeMethod" time="-1.588677112486E9" classname="CommonMethods.ProjectMethods">
    <skipped/>
  </testcase> <!-- @BeforeMethod beforeMethod -->
  <testcase name="@AfterMethod afterMethod" time="-1.588677112495E9" classname="CommonMethods.ProjectMethods">
    <skipped/>
  </testcase> <!-- @AfterMethod afterMethod -->
  <testcase name="@BeforeMethod beforeMethod" time="-1.588677112497E9" classname="CommonMethods.ProjectMethods">
    <skipped/>
  </testcase> <!-- @BeforeMethod beforeMethod -->
  <testcase name="@AfterMethod afterMethod" time="-1.588677112508E9" classname="CommonMethods.ProjectMethods">
    <skipped/>
  </testcase> <!-- @AfterMethod afterMethod -->
  <testcase name="login" time="0.028" classname="TestCases.PreRequsite"/>
  <testcase name="login" time="0.003" classname="TestCases.PreRequsite"/>
  <testcase name="login" time="0.008" classname="TestCases.PreRequsite"/>
  <testcase name="login" time="0.002" classname="TestCases.PreRequsite"/>
  <testcase name="login" time="0.001" classname="TestCases.PreRequsite"/>
  <testcase name="login" time="0.002" classname="TestCases.PreRequsite"/>
  <testcase name="login" time="0.002" classname="TestCases.PreRequsite"/>
  <testcase name="login" time="0.001" classname="TestCases.PreRequsite"/>
  <testcase name="login" time="0.001" classname="TestCases.PreRequsite"/>
  <testcase name="login" time="0.001" classname="TestCases.PreRequsite"/>
  <testcase name="login" time="0.001" classname="TestCases.PreRequsite"/>
  <testcase name="login" time="0.002" classname="TestCases.PreRequsite"/>
  <testcase name="login" time="0.0" classname="TestCases.PreRequsite">
    <skipped/>
  </testcase> <!-- login -->
  <testcase name="login" time="0.0" classname="TestCases.PreRequsite">
    <skipped/>
  </testcase> <!-- login -->
  <testcase name="login" time="0.0" classname="TestCases.PreRequsite">
    <skipped/>
  </testcase> <!-- login -->
  <testcase name="login" time="0.0" classname="TestCases.PreRequsite">
    <skipped/>
  </testcase> <!-- login -->
  <testcase name="login" time="0.0" classname="TestCases.PreRequsite">
    <skipped/>
  </testcase> <!-- login -->
  <testcase name="login" time="0.0" classname="TestCases.PreRequsite">
    <skipped/>
  </testcase> <!-- login -->
  <testcase name="login" time="0.0" classname="TestCases.PreRequsite">
    <skipped/>
  </testcase> <!-- login -->
  <testcase name="login" time="0.0" classname="TestCases.PreRequsite">
    <skipped/>
  </testcase> <!-- login -->
  <testcase name="login" time="0.0" classname="TestCases.PreRequsite">
    <skipped/>
  </testcase> <!-- login -->
  <testcase name="login" time="0.0" classname="TestCases.PreRequsite">
    <skipped/>
  </testcase> <!-- login -->
  <testcase name="login" time="0.0" classname="TestCases.PreRequsite">
    <skipped/>
  </testcase> <!-- login -->
  <testcase name="login" time="0.0" classname="TestCases.PreRequsite">
    <skipped/>
  </testcase> <!-- login -->
  <testcase name="login" time="0.0" classname="TestCases.PreRequsite">
    <skipped/>
  </testcase> <!-- login -->
  <testcase name="login" time="0.0" classname="TestCases.PreRequsite">
    <skipped/>
  </testcase> <!-- login -->
  <testcase name="login" time="0.0" classname="TestCases.PreRequsite">
    <skipped/>
  </testcase> <!-- login -->
  <testcase name="login" time="0.0" classname="TestCases.PreRequsite">
    <skipped/>
  </testcase> <!-- login -->
  <testcase name="login" time="0.0" classname="TestCases.PreRequsite">
    <skipped/>
  </testcase> <!-- login -->
  <testcase name="login" time="0.0" classname="TestCases.PreRequsite">
    <skipped/>
  </testcase> <!-- login -->
  <testcase name="login" time="0.0" classname="TestCases.PreRequsite">
    <skipped/>
  </testcase> <!-- login -->
  <testcase name="login" time="0.0" classname="TestCases.PreRequsite">
    <skipped/>
  </testcase> <!-- login -->
  <testcase name="login" time="0.0" classname="TestCases.PreRequsite">
    <skipped/>
  </testcase> <!-- login -->
  <testcase name="login" time="0.0" classname="TestCases.PreRequsite">
    <skipped/>
  </testcase> <!-- login -->
  <testcase name="login" time="0.0" classname="TestCases.PreRequsite">
    <skipped/>
  </testcase> <!-- login -->
  <testcase name="login" time="0.0" classname="TestCases.PreRequsite">
    <skipped/>
  </testcase> <!-- login -->
  <testcase name="login" time="0.0" classname="TestCases.PreRequsite">
    <skipped/>
  </testcase> <!-- login -->
  <testcase name="login" time="0.0" classname="TestCases.PreRequsite">
    <skipped/>
  </testcase> <!-- login -->
  <testcase name="login" time="0.0" classname="TestCases.PreRequsite">
    <skipped/>
  </testcase> <!-- login -->
  <testcase name="login" time="0.0" classname="TestCases.PreRequsite">
    <skipped/>
  </testcase> <!-- login -->
  <testcase name="login" time="0.0" classname="TestCases.PreRequsite">
    <skipped/>
  </testcase> <!-- login -->
  <testcase name="login" time="0.0" classname="TestCases.PreRequsite">
    <skipped/>
  </testcase> <!-- login -->
  <testcase name="login" time="0.0" classname="TestCases.PreRequsite">
    <skipped/>
  </testcase> <!-- login -->
  <testcase name="login" time="0.0" classname="TestCases.PreRequsite">
    <skipped/>
  </testcase> <!-- login -->
  <testcase name="login" time="0.0" classname="TestCases.PreRequsite">
    <skipped/>
  </testcase> <!-- login -->
  <testcase name="login" time="0.0" classname="TestCases.PreRequsite">
    <skipped/>
  </testcase> <!-- login -->
  <testcase name="login" time="0.0" classname="TestCases.PreRequsite">
    <skipped/>
  </testcase> <!-- login -->
  <testcase name="login" time="0.0" classname="TestCases.PreRequsite">
    <skipped/>
  </testcase> <!-- login -->
  <testcase name="login" time="0.0" classname="TestCases.PreRequsite">
    <skipped/>
  </testcase> <!-- login -->
  <testcase name="login" time="0.0" classname="TestCases.PreRequsite">
    <skipped/>
  </testcase> <!-- login -->
  <testcase name="login" time="0.0" classname="TestCases.PreRequsite">
    <skipped/>
  </testcase> <!-- login -->
</testsuite> <!-- Default test(failed)(failed) -->
